0 info it worked if it ends with ok
1 verbose cli [ 'node', '/usr/local/bin/npm', 'start' ]
2 info using npm@3.5.3
3 info using node@v0.10.35
4 verbose node symlink /usr/local/bin/node
5 verbose config Skipping project config: /Users/evanmcilroy/.npmrc. (matches userconfig)
6 verbose stack Error: ENOENT, open '/Users/evanmcilroy/package.json'
7 verbose cwd /Users/evanmcilroy/Sites/qplus_dr/www/js
8 error Darwin 15.2.0
9 error argv "node" "/usr/local/bin/npm" "start"
10 error node v0.10.35
11 error npm  v3.5.3
12 error path /Users/evanmcilroy/package.json
13 error code ENOENT
14 error errno 34
15 error enoent ENOENT, open '/Users/evanmcilroy/package.json'
16 error enoent ENOENT, open '/Users/evanmcilroy/package.json'
16 error enoent This is most likely not a problem with npm itself
16 error enoent and is related to npm not being able to find a file.
17 verbose exit [ 34, true ]